C51 COMPILER V9.54   MATRIXKEY                                                             11/05/2024 16:53:32 PAGE 1   


C51 COMPILER V9.54, COMPILATION OF MODULE MATRIXKEY
OBJECT MODULE PLACED IN .\Objects\MatrixKey.obj
COMPILER INVOKED BY: D:\software\Keil\C51\BIN\C51.EXE MatrixKey.c OPTIMIZE(8,SPEED) BROWSE DEBUG OBJECTEXTEND PRINT(.\Li
                    -stings\MatrixKey.lst) TABS(2) OBJECT(.\Objects\MatrixKey.obj)

line level    source

   1          #include <REGX52.H>
   2          #include "Delay.h"
   3          
   4          unsigned char MatrixKey()
   5          {
   6   1        unsigned char keyNumber = 0;
   7   1        //先列后行扫描
   8   1        
   9   1        P1   = 0xFF;
  10   1        P1_3 = 0; //第一列
  11   1        if (P1_7==0) {Delay(20);while(P1_7==0)Delay(20);keyNumber=1;}
  12   1        if (P1_6==0) {Delay(20);while(P1_6==0)Delay(20);keyNumber=5;}
  13   1        if (P1_5==0) {Delay(20);while(P1_5==0)Delay(20);keyNumber=9;}
  14   1        if (P1_4==0) {Delay(20);while(P1_4==0)Delay(20);keyNumber=13;}
  15   1        
  16   1        P1   = 0xFF;
  17   1        P1_2 = 0; //第二列
  18   1        if (P1_7==0) {Delay(20);while(P1_7==0)Delay(20);keyNumber=2;}
  19   1        if (P1_6==0) {Delay(20);while(P1_6==0)Delay(20);keyNumber=6;}
  20   1        if (P1_5==0) {Delay(20);while(P1_5==0)Delay(20);keyNumber=10;}
  21   1        if (P1_4==0) {Delay(20);while(P1_4==0)Delay(20);keyNumber=14;}
  22   1        
  23   1        P1   = 0xFF;
  24   1        P1_1 = 0; //第三列
  25   1        if (P1_7==0) {Delay(20);while(P1_7==0)Delay(20);keyNumber=3;}
  26   1        if (P1_6==0) {Delay(20);while(P1_6==0)Delay(20);keyNumber=7;}
  27   1        if (P1_5==0) {Delay(20);while(P1_5==0)Delay(20);keyNumber=11;}
  28   1        if (P1_4==0) {Delay(20);while(P1_4==0)Delay(20);keyNumber=15;}
  29   1        
  30   1        P1   = 0xFF;
  31   1        P1_0 = 0; //第四列
  32   1        if (P1_7==0) {Delay(20);while(P1_7==0)Delay(20);keyNumber=4;}
  33   1        if (P1_6==0) {Delay(20);while(P1_6==0)Delay(20);keyNumber=8;}
  34   1        if (P1_5==0) {Delay(20);while(P1_5==0)Delay(20);keyNumber=12;}
  35   1        if (P1_4==0) {Delay(20);while(P1_4==0)Delay(20);keyNumber=16;}
  36   1        
  37   1        return keyNumber;
  38   1      }


MODULE INFORMATION:   STATIC OVERLAYABLE
   CODE SIZE        =    349    ----
   CONSTANT SIZE    =   ----    ----
   XDATA SIZE       =   ----    ----
   PDATA SIZE       =   ----    ----
   DATA SIZE        =   ----       1
   IDATA SIZE       =   ----    ----
   BIT SIZE         =   ----    ----
END OF MODULE INFORMATION.


C51 COMPILATION COMPLETE.  0 WARNING(S),  0 ERROR(S)
