C51 COMPILER V9.54   MAIN                                                                  08/20/2024 23:13:33 PAGE 1   


C51 COMPILER V9.54, COMPILATION OF MODULE MAIN
OBJECT MODULE PLACED IN .\Objects\main.obj
COMPILER INVOKED BY: D:\software\Keil\C51\BIN\C51.EXE main.c OPTIMIZE(8,SPEED) BROWSE DEBUG OBJECTEXTEND PRINT(.\Listing
                    -s\main.lst) TABS(2) OBJECT(.\Objects\main.obj)

line level    source

   1          #include <REGX52.H>
   2          
   3          void Delay(unsigned int xms)    //@12.000MHz
   4          {
   5   1        unsigned char i, j;
   6   1        while(xms)
   7   1        {
   8   2          i = 2;
   9   2          j = 239;
  10   2          do
  11   2          {
  12   3            while (--j);
  13   3          } while (--i);
  14   2          
  15   2          xms--;
  16   2        }
  17   1        
  18   1      }
  19          
  20          void main()
  21          {
  22   1      
  23   1        P2 = 0xFF;
  24   1        
  25   1        while(1)
  26   1        {
  27   2          if (P3_2 == 0)
  28   2          {
  29   3            Delay(30);
  30   3            while(P3_2 == 0);
  31   3            Delay(30);
  32   3            P2--;
  33   3          } 
  34   2        }
  35   1        
  36   1        
  37   1      }


MODULE INFORMATION:   STATIC OVERLAYABLE
   CODE SIZE        =     47    ----
   CONSTANT SIZE    =   ----    ----
   XDATA SIZE       =   ----    ----
   PDATA SIZE       =   ----    ----
   DATA SIZE        =   ----    ----
   IDATA SIZE       =   ----    ----
   BIT SIZE         =   ----    ----
END OF MODULE INFORMATION.


C51 COMPILATION COMPLETE.  0 WARNING(S),  0 ERROR(S)
