C51 COMPILER V9.54   MAIN                                                                  11/15/2024 14:50:52 PAGE 1   


C51 COMPILER V9.54, COMPILATION OF MODULE MAIN
OBJECT MODULE PLACED IN .\Objects\main.obj
COMPILER INVOKED BY: D:\software\Keil\C51\BIN\C51.EXE main.c OPTIMIZE(8,SPEED) BROWSE DEBUG OBJECTEXTEND PRINT(.\Listing
                    -s\main.lst) TABS(2) OBJECT(.\Objects\main.obj)

line level    source

   1          #include <REGX52.H>
   2          #include "Int_EEPROM.h"
   3          #include "LCD1602.h"
   4          #include "Key.h"
   5          #include "Delay.h"
   6          
   7          unsigned char keyNum;
   8          unsigned int Num = 2;
   9          
  10          unsigned char data1[2],data2[2];
  11          
  12          void main() 
  13          {
  14   1        LCD_Init();
  15   1        LCD_ShowNum(1,1,Num,5);
  16   1        
  17   1        while(1) {
  18   2          keyNum = Key();
  19   2          
  20   2          if (keyNum == 1) 
  21   2          {
  22   3            Num++;
  23   3            LCD_ShowNum(1,1,Num,5);
  24   3          }
  25   2          
  26   2          else if (keyNum == 2)
  27   2          {
  28   3            Num--;
  29   3            LCD_ShowNum(1,1,Num,5);
  30   3          }
  31   2          
  32   2          else if (keyNum == 3)
  33   2          {
  34   3            data1[0] = Num%256;
  35   3            data1[1] = Num/256;
  36   3            Int_EEPROM_WriteBytes(0, data1, 2);
  37   3            Delay(5);
  38   3            LCD_ShowString(2, 1, "Write OK");
  39   3            Delay(1000);
  40   3            LCD_ShowString(2, 1, "        ");
  41   3          }
  42   2          
  43   2          else if (keyNum == 4)
  44   2          {
  45   3            Int_EEPROM_ReadBytes(0, data2, 2);
  46   3            
  47   3            Num = data2[0];
  48   3            Num |= data2[1] << 8;
  49   3            
  50   3            LCD_ShowNum(1,1,Num,5);
  51   3            
  52   3            LCD_ShowString(2, 1, "Read OK");
  53   3            Delay(1000);
  54   3            LCD_ShowString(2, 1, "       ");
C51 COMPILER V9.54   MAIN                                                                  11/15/2024 14:50:52 PAGE 2   

  55   3          }
  56   2        }
  57   1      
  58   1      }


MODULE INFORMATION:   STATIC OVERLAYABLE
   CODE SIZE        =    207    ----
   CONSTANT SIZE    =     34    ----
   XDATA SIZE       =   ----    ----
   PDATA SIZE       =   ----    ----
   DATA SIZE        =      7    ----
   IDATA SIZE       =   ----    ----
   BIT SIZE         =   ----    ----
END OF MODULE INFORMATION.


C51 COMPILATION COMPLETE.  0 WARNING(S),  0 ERROR(S)
