C51 COMPILER V9.54   MAIN                                                                  11/15/2024 10:41:46 PAGE 1   


C51 COMPILER V9.54, COMPILATION OF MODULE MAIN
OBJECT MODULE PLACED IN .\Objects\main.obj
COMPILER INVOKED BY: D:\software\Keil\C51\BIN\C51.EXE main.c OPTIMIZE(8,SPEED) BROWSE DEBUG OBJECTEXTEND PRINT(.\Listing
                    -s\main.lst) TABS(2) OBJECT(.\Objects\main.obj)

line level    source

   1          #include <REGX52.H>
   2          #include "Int_EEPROM.h"
   3          #include "MatrixLED.h"
   4          
   5          //  0x00,0x00,0x00,0x00,0x00,0x00,0x00,0x00,
   6          //  0xFF,0x08,0x08,0x08,0xFF,0x00,0x0E,0x15,
   7          //  0x15,0x15,0x08,0x00,0x7E,0x01,0x02,0x00,
   8          //  0x7E,0x01,0x02,0x00,0x0E,0x11,0x11,0x0E,
   9          //  0x00,0x7D,0x00,0x00,0x00,0x00,0x00,0x00,
  10          //  0x00,0x00,0x00,0x00,0x00,0x00,0x00,0x00,
  11          
  12          unsigned char Animation[] = {
  13            0x00,0x00,0x00,0x00,0x00,0x00,0x00,0x00,
  14            0xFF,0x08,0x08,0x08,0xFF,0x00,0x0E,0x15,
  15            0x15,0x15,0x08,0x00,0x7E,0x01,0x02,0x00,
  16            0x7E,0x01,0x02,0x00,0x0E,0x11,0x11,0x0E,
  17          //  0xF8, 0x0A, 0xEC, 0xAF, 0xEC, 0x8A, 0xF8, 0x00,
  18          //  0x10, 0xF9, 0x97, 0xF1, 0x88, 0xAA, 0xFF, 0xAA, 0x88, 0x00,
  19          //  0x14, 0x0A, 0xF5, 0x92, 0x92, 0xF5, 0x0A, 0x14, 0x00
  20          };
  21          
  22          unsigned char cache[32];
  23          unsigned char i, offset = 0, cout = 0;
  24          
  25          void main()
  26          {
  27   1      
  28   1        MatrixLED_init();
  29   1        
  30   1        //Int_EEPROM_WriteBytes(0, Animation, 32);
  31   1      
  32   1        Int_EEPROM_ReadBytes(0, cache, 32);
  33   1        
  34   1        while(1){
  35   2          for(i=0;i<8;i++)
  36   2          {
  37   3            MatrixLED_ShowColIndex(i, cache[i+offset]); 
  38   3          }
  39   2          cout++;
  40   2          
  41   2          if(cout > 10)
  42   2          {
  43   3            cout = 0;
  44   3            offset++;
  45   3            if (offset > 32) 
  46   3            {
  47   4              offset = 0;
  48   4            }
  49   3          }
  50   2        }
  51   1        
  52   1      }


C51 COMPILER V9.54   MAIN                                                                  11/15/2024 10:41:46 PAGE 2   

MODULE INFORMATION:   STATIC OVERLAYABLE
   CODE SIZE        =     69    ----
   CONSTANT SIZE    =   ----    ----
   XDATA SIZE       =   ----    ----
   PDATA SIZE       =   ----    ----
   DATA SIZE        =     67    ----
   IDATA SIZE       =   ----    ----
   BIT SIZE         =   ----    ----
END OF MODULE INFORMATION.


C51 COMPILATION COMPLETE.  0 WARNING(S),  0 ERROR(S)
