*** Using Compiler 'V5.06 update 7 (build 960)', folder: 'D:\software\Keil\ARM\ARMCC\Bin'
Build target 'FreeRTOS_temp_HAL'
compiling freertos_demo.c...
../Core/Inc/FreeRTOSConfig.h(94): warning:  #47-D: incompatible redefinition of macro "configUSE_TRACE_FACILITY"  (declared at line 51)
  #define configUSE_TRACE_FACILITY 1
..\Core\Src\freertos_demo.c(45): warning:  #223-D: function "printf" declared implicitly
      printf("Create semphore failed\r\n");
..\Core\Src\freertos_demo.c(49): warning:  #223-D: function "printf" declared implicitly
      printf("Create semphore success\r\n");
..\Core\Src\freertos_demo.c(116): warning:  #223-D: function "printf" declared implicitly
      printf("task1 with lev1 priority obtains sem\r\n");
..\Core\Src\freertos_demo.c(146): warning:  #223-D: function "printf" declared implicitly
      printf("task2 with lev2 priority is running\r\n");
..\Core\Src\freertos_demo.c(160): warning:  #223-D: function "printf" declared implicitly
      printf("task3 with lev3 priority obtains sem\r\n");
..\Core\Src\freertos_demo.c: 6 warnings, 0 errors
linking...
Program Size: Code=10600 RO-data=312 RW-data=136 ZI-data=18776  
FromELF: creating hex file...
"FreeRTOS_temp_HAL\FreeRTOS_temp_HAL.axf" - 0 Error(s), 6 Warning(s).
Build Time Elapsed:  00:00:01
