C51 COMPILER V9.54   MAIN                                                                  11/18/2024 17:40:40 PAGE 1   


C51 COMPILER V9.54, COMPILATION OF MODULE MAIN
OBJECT MODULE PLACED IN .\Objects\main.obj
COMPILER INVOKED BY: D:\software\Keil\C51\BIN\C51.EXE main.c OPTIMIZE(8,SPEED) BROWSE DEBUG OBJECTEXTEND PRINT(.\Listing
                    -s\main.lst) TABS(2) OBJECT(.\Objects\main.obj)

line level    source

   1          #include <REGX52.H>
   2          #include "Delay.h"
   3          #include "LCD1602.h"
   4          #include "XPT2046.h"
   5          
   6          unsigned int val;
   7          
   8          void main()
   9          {
  10   1        LCD_Init();
  11   1        LCD_ShowString(1, 1, "ADJ  NTC  GR");
  12   1        //XPT2046_ReadAD();
  13   1        while(1)
  14   1        {
  15   2          val = XPT2046_ReadAD(XPT2046_XP);   //读取AIN0，可调电阻
  16   2          LCD_ShowNum(2, 1, val, 3);
  17   2          
  18   2          val = XPT2046_ReadAD(XPT2046_YP);   //读取AIN1，热敏电阻
  19   2          LCD_ShowNum(2, 6, val, 3);
  20   2          
  21   2          val = XPT2046_ReadAD(XPT2046_VBAT); //读取AIN2，光敏电阻
  22   2          LCD_ShowNum(2, 11, val, 3);
  23   2          
  24   2          Delay(100);
  25   2        }
  26   1        
  27   1        
  28   1      }


MODULE INFORMATION:   STATIC OVERLAYABLE
   CODE SIZE        =     94    ----
   CONSTANT SIZE    =     13    ----
   XDATA SIZE       =   ----    ----
   PDATA SIZE       =   ----    ----
   DATA SIZE        =      2    ----
   IDATA SIZE       =   ----    ----
   BIT SIZE         =   ----    ----
END OF MODULE INFORMATION.


C51 COMPILATION COMPLETE.  0 WARNING(S),  0 ERROR(S)
