C51 COMPILER V9.54   XPT2046                                                               11/18/2024 17:40:40 PAGE 1   


C51 COMPILER V9.54, COMPILATION OF MODULE XPT2046
OBJECT MODULE PLACED IN .\Objects\XPT2046.obj
COMPILER INVOKED BY: D:\software\Keil\C51\BIN\C51.EXE XPT2046.c OPTIMIZE(8,SPEED) BROWSE DEBUG OBJECTEXTEND PRINT(.\List
                    -ings\XPT2046.lst) TABS(2) OBJECT(.\Objects\XPT2046.obj)

line level    source

   1          #include <REGX52.H>
   2          
   3          //引脚定义
   4          sbit XPT2046_DIN   = P3^4;
   5          sbit XPT2046_CS    = P3^5;
   6          sbit XPT2046_DCLK  = P3^6;
   7          sbit XPT2046_DOUT  = P3^7;
   8          
   9          
  10          unsigned int XPT2046_ReadAD(unsigned char command)
  11          {
  12   1        unsigned char i;
  13   1        unsigned int byte = 0;
  14   1        
  15   1        XPT2046_DCLK = 0;
  16   1        XPT2046_CS   = 0;
  17   1        
  18   1        for(i=0; i<8; i++)
  19   1        {
  20   2          XPT2046_DIN  = command & (0x80>>i);
  21   2          XPT2046_DCLK = 1;
  22   2          XPT2046_DCLK = 0;
  23   2        }
  24   1        
  25   1        for(i=0; i<16; i++)
  26   1        {
  27   2          XPT2046_DCLK = 1;
  28   2          XPT2046_DCLK = 0;
  29   2          if (XPT2046_DOUT) byte |= (0x8000>>i);
  30   2        }
  31   1        XPT2046_CS   = 1;
  32   1        
  33   1        return byte >> 8;
  34   1      }


MODULE INFORMATION:   STATIC OVERLAYABLE
   CODE SIZE        =     89    ----
   CONSTANT SIZE    =   ----    ----
   XDATA SIZE       =   ----    ----
   PDATA SIZE       =   ----    ----
   DATA SIZE        =   ----       2
   IDATA SIZE       =   ----    ----
   BIT SIZE         =   ----    ----
END OF MODULE INFORMATION.


C51 COMPILATION COMPLETE.  0 WARNING(S),  0 ERROR(S)
