C51 COMPILER V9.54   MAIN                                                                  11/19/2024 16:39:51 PAGE 1   


C51 COMPILER V9.54, COMPILATION OF MODULE MAIN
OBJECT MODULE PLACED IN .\Objects\main.obj
COMPILER INVOKED BY: D:\software\Keil\C51\BIN\C51.EXE main.c OPTIMIZE(8,SPEED) BROWSE DEBUG OBJECTEXTEND PRINT(.\Listing
                    -s\main.lst) TABS(2) OBJECT(.\Objects\main.obj)

line level    source

   1          #include <REGX52.H>
   2          #include "LCD1602.h"
   3          #include "Delay.h"
   4          #include "IR.h"
   5          
   6          unsigned char address;
   7          unsigned char command;
   8          unsigned char count;
   9          
  10          void main()
  11          {
  12   1        LCD_Init();
  13   1        LCD_ShowString(1, 1, "ADDR  CMD  NUM");
  14   1        LCD_ShowString(2, 1, "00    00   000");
  15   1      
  16   1        IR_init();
  17   1        
  18   1        while(1)
  19   1        {
  20   2          if (IR_getDataFlag())
  21   2          {
  22   3            address = IR_getAddress();
  23   3            //LCD_ShowNum(2, 1, address, 2);
  24   3            
  25   3            command = IR_getCommand();
  26   3            LCD_ShowNum(2, 7, command, 2);
  27   3            
  28   3            if (command == IR_VOL_MINUS)
  29   3            {
  30   4              count--;
  31   4            }
  32   3            if (command == IR_VOL_ADD)
  33   3            {
  34   4              count++;
  35   4            }
  36   3            LCD_ShowNum(2, 12, count, 3);
  37   3          }
  38   2        }
  39   1      }
  40          


MODULE INFORMATION:   STATIC OVERLAYABLE
   CODE SIZE        =     93    ----
   CONSTANT SIZE    =     30    ----
   XDATA SIZE       =   ----    ----
   PDATA SIZE       =   ----    ----
   DATA SIZE        =      3    ----
   IDATA SIZE       =   ----    ----
   BIT SIZE         =   ----    ----
END OF MODULE INFORMATION.


C51 COMPILATION COMPLETE.  0 WARNING(S),  0 ERROR(S)
