*** Using Compiler 'V5.06 update 7 (build 960)', folder: 'D:\software\Keil\ARM\ARMCC\Bin'
Build target 'FreeRTOS_temp_HAL'
compiling croutine.c...
compiling list.c...
compiling stream_buffer.c...
compiling event_groups.c...
compiling queue.c...
compiling timers.c...
compiling heap_4.c...
compiling port.c...
compiling tasks.c...
compiling stm32f1xx_it.c...
compiling freertos_demo.c...
..\Core\Src\freertos_demo.c(47): warning:  #223-D: function "printf" declared implicitly
      printf("Create semphore failed\r\n");
..\Core\Src\freertos_demo.c(51): warning:  #223-D: function "printf" declared implicitly
      printf("Create semphore success\r\n");
..\Core\Src\freertos_demo.c(118): warning:  #223-D: function "printf" declared implicitly
      printf("task1 with lev1 priority obtains sem\r\n");
..\Core\Src\freertos_demo.c(148): warning:  #223-D: function "printf" declared implicitly
      printf("task2 with lev2 priority is running\r\n");
..\Core\Src\freertos_demo.c(162): warning:  #223-D: function "printf" declared implicitly
      printf("task3 with lev3 priority obtains sem\r\n");
..\Core\Src\freertos_demo.c: 5 warnings, 0 errors
linking...
Program Size: Code=10708 RO-data=312 RW-data=136 ZI-data=18776  
FromELF: creating hex file...
"FreeRTOS_temp_HAL\FreeRTOS_temp_HAL.axf" - 0 Error(s), 5 Warning(s).
Build Time Elapsed:  00:00:01
