C51 COMPILER V9.54   MAIN                                                                  11/05/2024 15:45:58 PAGE 1   


C51 COMPILER V9.54, COMPILATION OF MODULE MAIN
OBJECT MODULE PLACED IN .\Objects\main.obj
COMPILER INVOKED BY: D:\software\Keil\C51\BIN\C51.EXE main.c OPTIMIZE(8,SPEED) BROWSE DEBUG OBJECTEXTEND PRINT(.\Listing
                    -s\main.lst) TABS(2) OBJECT(.\Objects\main.obj)

line level    source

   1          #include <REGX52.H>
   2          #include "Delay.h"
   3          #include "LCD1602.h"
   4          
   5          int result = 0;
   6          
   7          void main()
   8          {
   9   1      
  10   1        LCD_INIT();
*** WARNING C206 IN LINE 10 OF main.c: 'LCD_INIT': missing function-prototype
  11   1        LCD_ShowChar(1,1,'A');
  12   1        LCD_ShowString(1,3,"Hello");
  13   1        LCD_ShowNum(1,9,123,3);
  14   1        LCD_ShowSignedNum(1, 13, -66, 2);
  15   1        LCD_ShowHexNum(2, 1, 0xA8, 2);
  16   1        LCD_ShowBinNum(2, 4, 0xAA, 8);
  17   1        
  18   1        
  19   1      //  int ret = 1 + 1;
  20   1      //  LCD_ShowNum(1,1,ret,3);
  21   1        
  22   1        
  23   1        while(1)
  24   1        {
  25   2      //    result++;
  26   2      //    Delay(1000);
  27   2      //    LCD_ShowNum(1,1,result,3);
  28   2        }
  29   1        
  30   1      }


MODULE INFORMATION:   STATIC OVERLAYABLE
   CODE SIZE        =     83    ----
   CONSTANT SIZE    =      6    ----
   XDATA SIZE       =   ----    ----
   PDATA SIZE       =   ----    ----
   DATA SIZE        =      2    ----
   IDATA SIZE       =   ----    ----
   BIT SIZE         =   ----    ----
END OF MODULE INFORMATION.


C51 COMPILATION COMPLETE.  1 WARNING(S),  0 ERROR(S)
