C51 COMPILER V9.54   NIXIE                                                                 11/06/2024 09:15:46 PAGE 1   


C51 COMPILER V9.54, COMPILATION OF MODULE NIXIE
OBJECT MODULE PLACED IN .\Objects\Nixie.obj
COMPILER INVOKED BY: D:\software\Keil\C51\BIN\C51.EXE Nixie.c OPTIMIZE(8,SPEED) BROWSE DEBUG OBJECTEXTEND PRINT(.\Listin
                    -gs\Nixie.lst) TABS(2) OBJECT(.\Objects\Nixie.obj)

line level    source

   1          #include <REGX52.H>
   2          #include "Delay.h"
   3          
   4          unsigned char NixieTable[] =  {
   5            0x3F, 0x06, 0x5B, 0x4F,
   6            0x66, 0x6D, 0x7D, 0x07,
   7            0x7F, 0x6F
   8          };
   9          
  10          void Nixie(unsigned char location, num)
  11          {
  12   1        switch(location)
  13   1        {
  14   2          case 1: P2_4=1;P2_3=1;P2_2=1;break;
  15   2          case 2: P2_4=1;P2_3=1;P2_2=0;break;
  16   2          case 3: P2_4=1;P2_3=0;P2_2=1;break;
  17   2          case 4: P2_4=1;P2_3=0;P2_2=0;break;
  18   2          case 5: P2_4=0;P2_3=1;P2_2=1;break;
  19   2          case 6: P2_4=0;P2_3=1;P2_2=0;break;
  20   2          case 7: P2_4=0;P2_3=0;P2_2=1;break;
  21   2          case 8: P2_4=0;P2_3=0;P2_2=0;break;
  22   2        }
  23   1        P0=NixieTable[num];
  24   1        
  25   1        // 消影
  26   1        Delay(1);
  27   1        P0 = 0x00;
  28   1      }


MODULE INFORMATION:   STATIC OVERLAYABLE
   CODE SIZE        =    109    ----
   CONSTANT SIZE    =   ----    ----
   XDATA SIZE       =   ----    ----
   PDATA SIZE       =   ----    ----
   DATA SIZE        =     10    ----
   IDATA SIZE       =   ----    ----
   BIT SIZE         =   ----    ----
END OF MODULE INFORMATION.


C51 COMPILATION COMPLETE.  0 WARNING(S),  0 ERROR(S)
