C51 COMPILER V9.54   MAIN                                                                  11/18/2024 17:53:39 PAGE 1   


C51 COMPILER V9.54, COMPILATION OF MODULE MAIN
OBJECT MODULE PLACED IN .\Objects\main.obj
COMPILER INVOKED BY: D:\software\Keil\C51\BIN\C51.EXE main.c OPTIMIZE(8,SPEED) BROWSE DEBUG OBJECTEXTEND PRINT(.\Listing
                    -s\main.lst) TABS(2) OBJECT(.\Objects\main.obj)

line level    source

   1          #include <REGX52.H>
   2          #include "Delay.h"
   3          #include "Key.h"
   4          #include "Timer0.h"
   5          
   6          // PWM
   7          sbit LED = P2^0;
   8          sbit DA = P2^1;
   9          
  10          unsigned char counter, compare;
  11          unsigned char i;
  12          
  13          void main() 
  14          {
  15   1        Timer0_Init();
  16   1        
  17   1        while(1)
  18   1        {
  19   2          for(i=0;i<100;i++)
  20   2          {
  21   3            compare=i;      //设置比较值，改变PWM占空比
  22   3            Delay(10);
  23   3          }
  24   2          for(i=100;i>0;i--)
  25   2          {
  26   3            compare=i;      //设置比较值，改变PWM占空比
  27   3            Delay(10);
  28   3          }
  29   2        }
  30   1      }
  31          
  32          void Timer0_Routine() interrupt 1
  33          {
  34   1        TH0 = 0xFF;
  35   1        TL0 = 0x9C;
  36   1        
  37   1        counter++;
  38   1        counter%=100;
  39   1        
  40   1        if (counter < compare) 
  41   1        {
  42   2          LED = 0;
  43   2          DA = 1;
  44   2        }
  45   1        else
  46   1        {
  47   2          LED = 1;
  48   2          DA = 0;
  49   2        }
  50   1      }


MODULE INFORMATION:   STATIC OVERLAYABLE
   CODE SIZE        =     96    ----
C51 COMPILER V9.54   MAIN                                                                  11/18/2024 17:53:39 PAGE 2   

   CONSTANT SIZE    =   ----    ----
   XDATA SIZE       =   ----    ----
   PDATA SIZE       =   ----    ----
   DATA SIZE        =      3    ----
   IDATA SIZE       =   ----    ----
   BIT SIZE         =   ----    ----
END OF MODULE INFORMATION.


C51 COMPILATION COMPLETE.  0 WARNING(S),  0 ERROR(S)
