C51 COMPILER V9.54   MAIN                                                                  11/06/2024 10:31:05 PAGE 1   


C51 COMPILER V9.54, COMPILATION OF MODULE MAIN
OBJECT MODULE PLACED IN .\Objects\main.obj
COMPILER INVOKED BY: D:\software\Keil\C51\BIN\C51.EXE main.c OPTIMIZE(8,SPEED) BROWSE DEBUG OBJECTEXTEND PRINT(.\Listing
                    -s\main.lst) TABS(2) OBJECT(.\Objects\main.obj)

line level    source

   1          #include <REGX52.H>
   2          #include "LCD1602.h"
   3          #include "Delay.h"
   4          #include "MatrixKey.h"
   5          
   6          unsigned char keyNum;
   7          unsigned int password, count;
   8          
   9          void main() 
  10          {
  11   1        LCD_Init();
  12   1        LCD_ShowString(1,1,"Password:");
  13   1        count = 0;
  14   1        password = 0;
  15   1        
  16   1        while(1)
  17   1        {
  18   2          keyNum = MatrixKey();
  19   2          if (keyNum) {
  20   3            
  21   3            if (keyNum <= 10) {
  22   4              if (count < 4) {
  23   5                password =  password * 10;
  24   5                password += keyNum % 10;
  25   5                LCD_ShowNum(2,1,password,4);  
  26   5                count++;
  27   5              }       
  28   4            } else if (keyNum == 11) { // 确认
  29   4              if (password == 2345) {
  30   5                LCD_ShowString(1, 14, "OK ");
  31   5                LCD_ShowNum(2,1,password,4);
  32   5              } else {
  33   5                LCD_ShowString(1, 14, "ERR");
  34   5              }
  35   4              password = 0;
  36   4              count = 0;
  37   4            } else if (keyNum == 12) { // 取消
  38   4              password = 0;
  39   4              count = 0;
  40   4              LCD_ShowNum(2,1,password,4);
  41   4              LCD_ShowString(1, 14, "   ");
  42   4            }
  43   3      
  44   3          }
  45   2        }
  46   1      }


MODULE INFORMATION:   STATIC OVERLAYABLE
   CODE SIZE        =    222    ----
   CONSTANT SIZE    =     22    ----
   XDATA SIZE       =   ----    ----
   PDATA SIZE       =   ----    ----
   DATA SIZE        =      5    ----
C51 COMPILER V9.54   MAIN                                                                  11/06/2024 10:31:05 PAGE 2   

   IDATA SIZE       =   ----    ----
   BIT SIZE         =   ----    ----
END OF MODULE INFORMATION.


C51 COMPILATION COMPLETE.  0 WARNING(S),  0 ERROR(S)
