C51 COMPILER V9.54   MAIN                                                                  11/06/2024 08:47:15 PAGE 1   


C51 COMPILER V9.54, COMPILATION OF MODULE MAIN
OBJECT MODULE PLACED IN .\Objects\main.obj
COMPILER INVOKED BY: D:\software\Keil\C51\BIN\C51.EXE main.c OPTIMIZE(8,SPEED) BROWSE DEBUG OBJECTEXTEND PRINT(.\Listing
                    -s\main.lst) TABS(2) OBJECT(.\Objects\main.obj)

line level    source

   1          #include <REGX52.H>
   2          
   3          unsigned char NixieTable[] =  {
   4            0x3F, 0x06, 0x5B, 0x4F,
   5            0x66, 0x6D, 0x7D, 0x07,
   6            0x7F, 0x6F
   7          };
   8          
   9          void Nixie(unsigned char location, num)
  10          {
  11   1        switch(location)
  12   1        {
  13   2          case 1: P2_4=1;P2_3=1;P2_2=1;break;
  14   2          case 2: P2_4=1;P2_3=1;P2_2=0;break;
  15   2          case 3: P2_4=1;P2_3=0;P2_2=1;break;
  16   2          case 4: P2_4=1;P2_3=0;P2_2=0;break;
  17   2          case 5: P2_4=0;P2_3=1;P2_2=1;break;
  18   2          case 6: P2_4=0;P2_3=1;P2_2=0;break;
  19   2          case 7: P2_4=0;P2_3=0;P2_2=1;break;
  20   2          case 8: P2_4=0;P2_3=0;P2_2=0;break;
  21   2        }
  22   1        P0=NixieTable[num];
  23   1      }
  24          
  25          void main () 
  26          {
  27   1        
  28   1        Nixie(8,5);
  29   1        
  30   1        while(1) {
  31   2        
  32   2        
  33   2        }
  34   1      }


MODULE INFORMATION:   STATIC OVERLAYABLE
   CODE SIZE        =    110    ----
   CONSTANT SIZE    =   ----    ----
   XDATA SIZE       =   ----    ----
   PDATA SIZE       =   ----    ----
   DATA SIZE        =     10    ----
   IDATA SIZE       =   ----    ----
   BIT SIZE         =   ----    ----
END OF MODULE INFORMATION.


C51 COMPILATION COMPLETE.  0 WARNING(S),  0 ERROR(S)
