C51 COMPILER V9.54   MAIN                                                                  11/18/2024 11:42:19 PAGE 1   


C51 COMPILER V9.54, COMPILATION OF MODULE MAIN
OBJECT MODULE PLACED IN .\Objects\main.obj
COMPILER INVOKED BY: D:\software\Keil\C51\BIN\C51.EXE main.c OPTIMIZE(8,SPEED) BROWSE DEBUG OBJECTEXTEND PRINT(.\Listing
                    -s\main.lst) TABS(2) OBJECT(.\Objects\main.obj)

line level    source

   1          #include <REGX52.H>
   2          #include "LCD1602.h"
   3          
   4          void main() 
   5          {
   6   1          LCD_Init();
   7   1          LCD_ShowChar(1,1,'A');      //在1行1列显示字符A
   8   1          LCD_ShowString(1,3,"Hello");  //在1行3列显示字符串Hello
   9   1          LCD_ShowNum(1,9,66,2);      //在1行9列显示数字66，长度为2
  10   1          LCD_ShowSignNum(1,12,-88,2);  //在1行12列显示有符号数字-88，长度为2
  11   1          LCD_ShowHexNum(2,1,0xA5,2);   //在2行1列显示十六进制数字0xA5，长度为2
  12   1          LCD_ShowBinNum(2,4,0xA5,8);   //在2行4列显示二进制数字0xA5，长度为8
  13   1          LCD_ShowChar(2,13,0xDF);    //在2行13列显示编码为0xDF的字符
  14   1          LCD_ShowChar(2,14,'C');     //在2行14列显示字符C
  15   1        
  16   1          while(1)
  17   1          {
  18   2          
  19   2          }
  20   1      }


MODULE INFORMATION:   STATIC OVERLAYABLE
   CODE SIZE        =    101    ----
   CONSTANT SIZE    =      6    ----
   XDATA SIZE       =   ----    ----
   PDATA SIZE       =   ----    ----
   DATA SIZE        =   ----    ----
   IDATA SIZE       =   ----    ----
   BIT SIZE         =   ----    ----
END OF MODULE INFORMATION.


C51 COMPILATION COMPLETE.  0 WARNING(S),  0 ERROR(S)
