C51 COMPILER V9.54   MAIN                                                                  11/07/2024 23:00:42 PAGE 1   


C51 COMPILER V9.54, COMPILATION OF MODULE MAIN
OBJECT MODULE PLACED IN .\Objects\main.obj
COMPILER INVOKED BY: D:\software\Keil\C51\BIN\C51.EXE main.c OPTIMIZE(8,SPEED) BROWSE DEBUG OBJECTEXTEND PRINT(.\Listing
                    -s\main.lst) TABS(2) OBJECT(.\Objects\main.obj)

line level    source

   1          #include <REGX52.H>
   2          #include "LCD1602.h"
   3          #include "Timer0.h"
   4          #include "Delay.h"
   5          
   6          unsigned char hour = 23, min = 59, sec = 55;
   7          
   8          void main() 
   9          {
  10   1        LCD_Init();
  11   1        Timer0_Init();
  12   1        
  13   1        LCD_ShowString(1,1,"Clock");
  14   1        LCD_ShowString(2,1,"  :  :  ");
  15   1        
  16   1        while(1) 
  17   1        {
  18   2          LCD_ShowNum(2,1,hour,2);
  19   2          LCD_ShowNum(2,4,min,2);
  20   2          LCD_ShowNum(2,7,sec,2);
  21   2        }
  22   1        
  23   1      }
  24          
  25          
  26          void Timer0_Routine() interrupt 1
  27          {
  28   1        static unsigned int T0Count;
  29   1        
  30   1        TH0 = 64535/256;
  31   1        TL0 = 64535%256;
  32   1        T0Count++;
  33   1        if (T0Count >= 1000)
  34   1        {
  35   2          T0Count = 0;
  36   2          
  37   2          sec++;
  38   2          if (sec >= 60) {
  39   3            sec = 0;
  40   3            min++;
  41   3            
  42   3            if (min >= 60) {
  43   4              min = 0;
  44   4              hour++;
  45   4              
  46   4              if (hour >= 24) {
  47   5                hour = 0;
  48   5              }
  49   4            }
  50   3          }
  51   2        }
  52   1      }


C51 COMPILER V9.54   MAIN                                                                  11/07/2024 23:00:42 PAGE 2   

MODULE INFORMATION:   STATIC OVERLAYABLE
   CODE SIZE        =    150    ----
   CONSTANT SIZE    =     15    ----
   XDATA SIZE       =   ----    ----
   PDATA SIZE       =   ----    ----
   DATA SIZE        =      5    ----
   IDATA SIZE       =   ----    ----
   BIT SIZE         =   ----    ----
END OF MODULE INFORMATION.


C51 COMPILATION COMPLETE.  0 WARNING(S),  0 ERROR(S)
