C51 COMPILER V9.54   TIMER0                                                                11/07/2024 23:00:42 PAGE 1   


C51 COMPILER V9.54, COMPILATION OF MODULE TIMER0
OBJECT MODULE PLACED IN .\Objects\Timer0.obj
COMPILER INVOKED BY: D:\software\Keil\C51\BIN\C51.EXE Timer0.c OPTIMIZE(8,SPEED) BROWSE DEBUG OBJECTEXTEND PRINT(.\Listi
                    -ngs\Timer0.lst) TABS(2) OBJECT(.\Objects\Timer0.obj)

line level    source

   1          #include <REGX52.H>
   2          
   3          void Timer0_Init(void)
   4          { 
   5   1        //设置定时器模式，
   6   1        // 在前4位不变的情况下，改变后四位 
   7   1        TMOD &= 0xF0;
   8   1        TMOD |= 0x01;
   9   1        
  10   1        TF0 = 0;
  11   1        TR0 = 1;
  12   1        
  13   1        //1us
  14   1        TH0 = 64535/256;
  15   1        TL0 = 64535%256;
  16   1        
  17   1        // 开启中断
  18   1        ET0 = 1;
  19   1        EA  = 1;
  20   1      }
  21          
  22          /*
  23          // 中断示例
  24          void Timer0_Routine() interrupt 1
  25          {
  26            static unsigned int T0Count;
  27            
  28            TH0 = 64535/256;
  29            TL0 = 64535%256;
  30            T0Count++;
  31            if (T0Count >= 1000)
  32            {
  33              T0Count = 0;
  34              P2_0 = ~P2_0;
  35            }
  36          }
  37          
  38          */


MODULE INFORMATION:   STATIC OVERLAYABLE
   CODE SIZE        =     21    ----
   CONSTANT SIZE    =   ----    ----
   XDATA SIZE       =   ----    ----
   PDATA SIZE       =   ----    ----
   DATA SIZE        =   ----    ----
   IDATA SIZE       =   ----    ----
   BIT SIZE         =   ----    ----
END OF MODULE INFORMATION.


C51 COMPILATION COMPLETE.  0 WARNING(S),  0 ERROR(S)
