C51 COMPILER V9.54   MAIN                                                                  11/15/2024 09:59:45 PAGE 1   


C51 COMPILER V9.54, COMPILATION OF MODULE MAIN
OBJECT MODULE PLACED IN .\Objects\main.obj
COMPILER INVOKED BY: D:\software\Keil\C51\BIN\C51.EXE main.c OPTIMIZE(8,SPEED) BROWSE DEBUG OBJECTEXTEND PRINT(.\Listing
                    -s\main.lst) TABS(2) OBJECT(.\Objects\main.obj)

line level    source

   1          #include <REGX52.H>
   2          
   3          sbit SCL = P2^1;
   4          sbit SDA = P2^0;
   5          
   6          void Dir_IIC_Start()
   7          {
   8   1        //初始 将两个信号拉高
   9   1        SCL = 1;
  10   1        SDA = 1;
  11   1        //当将SDA拉低后，发送起始信号
  12   1        SDA = 0;
  13   1        
  14   1        //这里将scl又拉低，以便准备接下来要发送数据位（因为scl拉高后就开始读取数
             -）
  15   1        SCL = 0;
  16   1      }
  17          
  18          // 发送数据
  19          void Dir_IIC_SendByte(unsigned char byte)
  20          {
  21   1        unsigned char i;
  22   1        for (i = 0; i < 8; i++)
  23   1        {
  24   2          SDA = (byte & (0x80 >> i)) == 0 ? 0 : 1; //填充数据
  25   2          SCL = 1; //拉高发送数据
  26   2          SCL = 0; //拉低准备下一个数据
  27   2        }
  28   1      }
  29          
  30          // 接收确认
  31          unsigned char Dri_IIC_ReceiveAck()
  32          {
  33   1        unsigned char ack;
  34   1        
  35   1        // 释放SDA，以便从设备从SDA发送数据
  36   1        SDA = 1;
  37   1        
  38   1        // 拉高SCL以便读取从设备发送的数据
  39   1        SCL = 1;
  40   1        ack = SDA; //读取数据
  41   1        
  42   1        //拉低准备下一个数据
  43   1        SCL = 0;
  44   1        
  45   1        return ack;
  46   1      }
  47          
  48          // 接收数据
  49          unsigned char Dir_IIC_ReceiveByte()
  50          {
  51   1        unsigned char byte = 0;
  52   1        unsigned char i;
  53   1        
C51 COMPILER V9.54   MAIN                                                                  11/15/2024 09:59:45 PAGE 2   

  54   1        // 释放SDA，以便从设备从SDA发送数据
  55   1        SDA = 1;
  56   1        for (i = 0; i < 8; i++)
  57   1        {
  58   2          //拉高读数据
  59   2          SCL = 1; 
  60   2          byte = (byte << 1) | SDA;
  61   2          //拉低准备下一个数据
  62   2          SCL = 0;
  63   2        }
  64   1        return byte;
  65   1      }
  66          
  67          // 发送确认
  68          void Dir_IIC_SendAck(unsigned char ack)
  69          {
  70   1        //塞入确认信号
  71   1        SDA = ack;
  72   1        //拉高读数据
  73   1        SCL = 1;
  74   1        //拉低准备下一个数据
  75   1        SCL = 0;
  76   1      }
  77          
  78          // 结束信号
  79          void Dir_IIC_Stop()
  80          {
  81   1        // 当前操作之前，SCL为低，SDA未知
  82   1        // 因为结束信号是两个信号都拉高，但是他们拉高是有顺序的(SCL先SDA拉高)，所
             -先
  83   1        SDA = 0; 
  84   1        SCL = 1;
  85   1        SDA = 1;
  86   1      }
  87          
  88          void main() 
  89          {
  90   1      
  91   1        while(1) 
  92   1        {
  93   2          
  94   2        }
  95   1      }


MODULE INFORMATION:   STATIC OVERLAYABLE
   CODE SIZE        =    107    ----
   CONSTANT SIZE    =   ----    ----
   XDATA SIZE       =   ----    ----
   PDATA SIZE       =   ----    ----
   DATA SIZE        =   ----    ----
   IDATA SIZE       =   ----    ----
   BIT SIZE         =   ----    ----
END OF MODULE INFORMATION.


C51 COMPILATION COMPLETE.  0 WARNING(S),  0 ERROR(S)
