C51 COMPILER V9.54   MAIN                                                                  11/12/2024 11:06:46 PAGE 1   


C51 COMPILER V9.54, COMPILATION OF MODULE MAIN
OBJECT MODULE PLACED IN .\Objects\main.obj
COMPILER INVOKED BY: D:\software\Keil\C51\BIN\C51.EXE main.c OPTIMIZE(8,SPEED) BROWSE DEBUG OBJECTEXTEND PRINT(.\Listing
                    -s\main.lst) TABS(2) OBJECT(.\Objects\main.obj)

line level    source

   1          #include <REGX52.H>
   2          #include "LCD1602.h"
   3          #include "DS1302.h"
   4          
   5          unsigned char second;
   6          
   7          void main(){
   8   1      
   9   1        LCD_Init();
  10   1        DS1302_Init();
  11   1        
  12   1        LCD_ShowString(1, 1, "  -  -  ");
  13   1        LCD_ShowString(2, 1, "  :  :  ");
  14   1        //Â¶ÇÊûúËØªÂá∫Êó∂Èó¥‰∏∫‰∏Ä‰∏™Â§ß‰∫é59Âπ∂‰∏î‰∏çÂä®ÁöÑÊï∞ÔºåÂàôËäØÁâáÂèØËÉΩÊòØÂ§Ñ‰∫éÂÜô‰øùÊä§Áä∂ÊÄÅÔºåÂú®Ê≠
             -§Â§ÑÂä†‰∏äËøôË°å‰ª£Á†ÅÂç≥ÂèØËß£Èô§ËäØÁâáÂÜô‰øùÊä§
  15   1        //DS1302_WriteByte(0x8E, 0x00);
  16   1        
  17   1        DS1302_setTime();
  18   1        
  19   1        while(1) {
  20   2          DS1302_readTime();
  21   2          
  22   2          LCD_ShowNum(1, 1, DS1302_Time[0], 2);
  23   2          LCD_ShowNum(1, 4, DS1302_Time[1], 2);
  24   2          LCD_ShowNum(1, 7, DS1302_Time[2], 2);
  25   2          LCD_ShowNum(2, 1, DS1302_Time[3], 2);
  26   2          LCD_ShowNum(2, 4, DS1302_Time[4], 2);
  27   2          LCD_ShowNum(2, 7, DS1302_Time[5], 2);
  28   2        }
  29   1        
  30   1      }


MODULE INFORMATION:   STATIC OVERLAYABLE
   CODE SIZE        =    130    ----
   CONSTANT SIZE    =     18    ----
   XDATA SIZE       =   ----    ----
   PDATA SIZE       =   ----    ----
   DATA SIZE        =      1    ----
   IDATA SIZE       =   ----    ----
   BIT SIZE         =   ----    ----
END OF MODULE INFORMATION.


C51 COMPILATION COMPLETE.  0 WARNING(S),  0 ERROR(S)
