C51 COMPILER V9.54   MAIN                                                                  11/17/2024 11:51:49 PAGE 1   


C51 COMPILER V9.54, COMPILATION OF MODULE MAIN
OBJECT MODULE PLACED IN .\Objects\main.obj
COMPILER INVOKED BY: D:\software\Keil\C51\BIN\C51.EXE main.c OPTIMIZE(8,SPEED) BROWSE DEBUG OBJECTEXTEND PRINT(.\Listing
                    -s\main.lst) TABS(2) OBJECT(.\Objects\main.obj)

line level    source

   1          #include <REGX52.H>
   2          #include "Delay.h"
   3          #include "LCD1602.h"
   4          #include "Int_DS18B20.h"
   5          #include "Timer0.h"
   6          
   7          unsigned char keyNum;
   8          char TLow = 5, THigh = 20;
   9          float T,TShow;
  10          
  11          void main()
  12          {
  13   1        Timer0_Init();
  14   1        
  15   1        LCD_Init();
  16   1        LCD_ShowString(1,1,"T:");
  17   1        LCD_ShowString(2,1,"TH:");
  18   1        LCD_ShowString(2,9,"TL:");
  19   1        LCD_ShowSignedNum(2,4,THigh,3);
  20   1        LCD_ShowSignedNum(2,12,TLow,3);
  21   1        
  22   1        while(1)
  23   1        {   
  24   2          keyNum=Key();
*** WARNING C206 IN LINE 24 OF main.c: 'Key': missing function-prototype
  25   2          
  26   2          T = Int_DS18B20_GetTemperature();
  27   2          
  28   2          if(T<0)       //如果温度小于0
  29   2          {
  30   3            LCD_ShowChar(1,3,'-');  //显示负号
  31   3            TShow=-T;   //将温度变为正数
  32   3          }
  33   2          else        //如果温度大于等于0
  34   2          {
  35   3            LCD_ShowChar(1,3,'+');  //显示正号
  36   3            TShow=T;
  37   3          }
  38   2          
  39   2          LCD_ShowNum(1,4,TShow,3);
  40   2          LCD_ShowChar(1,7,'.');    //显示小数点
  41   2          LCD_ShowNum(1,8,(unsigned long)(TShow*100)%100,2);
  42   2        }
  43   1        
  44   1        if (keyNum) {
  45   2          
  46   2          if (keyNum == 1) {
  47   3            THigh++;
  48   3            if(THigh>125){THigh=125;}
  49   3          }
  50   2          
  51   2          if (keyNum == 2) {
  52   3            THigh--;
  53   3            if(THigh<=TLow){THigh++;}
C51 COMPILER V9.54   MAIN                                                                  11/17/2024 11:51:49 PAGE 2   

  54   3          }
  55   2          
  56   2          if (keyNum == 3) {
  57   3            TLow++;
  58   3            if(TLow>=THigh){TLow--;}
  59   3          }
  60   2          
  61   2          if (keyNum == 4) {
  62   3            THigh--;
  63   3            if(TLow<-55){TLow=-55;}
  64   3          }
  65   2          
  66   2          LCD_ShowSignedNum(2,4,THigh,3); //显示阈值数据
  67   2          LCD_ShowSignedNum(2,12,TLow,3);
  68   2        
  69   2        }
  70   1        
  71   1        if(T>THigh)     //越界判断
  72   1        {
  73   2          LCD_ShowString(1,13,"OV:H");
  74   2        }
  75   1        else if(T<TLow)
  76   1        {
  77   2          LCD_ShowString(1,13,"OV:L");
  78   2        }
  79   1        else
  80   1        {
  81   2          LCD_ShowString(1,13,"    ");
  82   2        }
  83   1      }
  84          
  85          void Timer0_Routine() interrupt 1
  86          {
  87   1        static unsigned int T0Count;
  88   1        TL0 = 0x18;   //设置定时初值
  89   1        TH0 = 0xFC;   //设置定时初值
  90   1        T0Count++;
  91   1        if(T0Count>=20)
  92   1        {
  93   2          T0Count=0;
  94   2          Key_Loop(); //每20ms调用一次按键驱动函数
*** WARNING C206 IN LINE 94 OF main.c: 'Key_Loop': missing function-prototype
  95   2        }
  96   1      }
*** WARNING C294 IN LINE 44 OF main.c: unreachable code


MODULE INFORMATION:   STATIC OVERLAYABLE
   CODE SIZE        =    329    ----
   CONSTANT SIZE    =     26    ----
   XDATA SIZE       =   ----    ----
   PDATA SIZE       =   ----    ----
   DATA SIZE        =     13    ----
   IDATA SIZE       =   ----    ----
   BIT SIZE         =   ----    ----
END OF MODULE INFORMATION.


C51 COMPILATION COMPLETE.  3 WARNING(S),  0 ERROR(S)
