C51 COMPILER V9.54   DELAY                                                                 11/17/2024 11:30:54 PAGE 1   


C51 COMPILER V9.54, COMPILATION OF MODULE DELAY
OBJECT MODULE PLACED IN .\Objects\Delay.obj
COMPILER INVOKED BY: D:\software\Keil\C51\BIN\C51.EXE Delay.c OPTIMIZE(8,SPEED) BROWSE DEBUG OBJECTEXTEND PRINT(.\Listin
                    -gs\Delay.lst) TABS(2) OBJECT(.\Objects\Delay.obj)

line level    source

   1          #include <intrins.h>
   2          
   3          //延时1s
   4          void Delay(unsigned int xms)    //@12.000MHz
   5          {
   6   1        unsigned char i, j;
   7   1        while(xms)
   8   1        {
   9   2          i = 2;
  10   2          j = 239;
  11   2          do
  12   2          {
  13   3            while (--j);
  14   3          } while (--i);
  15   2          
  16   2          xms--;
  17   2        }
  18   1      }
  19          
  20          
  21          void Delay_10us(unsigned char n)
  22          {
  23   1        while(n--) {
  24   2          unsigned char data i;
  25   2      
  26   2          i = 2;
  27   2          while (--i);
  28   2        } 
  29   1      }
  30          
  31          void Delay_50us(unsigned char n)
  32          {
  33   1        while(n--) {
  34   2          unsigned char data i;
  35   2      
  36   2          _nop_();
  37   2          i = 20;
  38   2          while (--i);
  39   2        }
  40   1      }
  41          
  42          void Delay_60us(unsigned char n)
  43          {
  44   1        while(n--) {
  45   2          unsigned char data i;
  46   2      
  47   2          i = 25;
  48   2          while (--i);
  49   2        }
  50   1      }


MODULE INFORMATION:   STATIC OVERLAYABLE
   CODE SIZE        =     75    ----
C51 COMPILER V9.54   DELAY                                                                 11/17/2024 11:30:54 PAGE 2   

   CONSTANT SIZE    =   ----    ----
   XDATA SIZE       =   ----    ----
   PDATA SIZE       =   ----    ----
   DATA SIZE        =   ----       3
   IDATA SIZE       =   ----    ----
   BIT SIZE         =   ----    ----
END OF MODULE INFORMATION.


C51 COMPILATION COMPLETE.  0 WARNING(S),  0 ERROR(S)
