C51 COMPILER V9.54   KEY                                                                   11/17/2024 11:30:54 PAGE 1   


C51 COMPILER V9.54, COMPILATION OF MODULE KEY
OBJECT MODULE PLACED IN .\Objects\Key.obj
COMPILER INVOKED BY: D:\software\Keil\C51\BIN\C51.EXE Key.c OPTIMIZE(8,SPEED) BROWSE DEBUG OBJECTEXTEND PRINT(.\Listings
                    -\Key.lst) TABS(2) OBJECT(.\Objects\Key.obj)

line level    source

   1          #include <REGX52.H>
   2          #include "Delay.h"
   3          unsigned char Key_KeyNumber;
   4          /**
   5            * @brief  è·å–ç‹¬ç«‹æŒ‰é”®é”®ç 
   6            * @param  æ— 
   7            * @retval æŒ‰ä¸‹æŒ‰é”®çš„é”®ç ï¼ŒèŒƒå›´ï¼š0~4ï¼Œæ— æŒ‰é”®æŒ‰ä¸‹æ—¶è¿”å›å€¼ä¸º0
   8            */
   9          unsigned char Key()
  10          {
  11   1        unsigned char KeyNumber=0;
  12   1        
  13   1        if(P3_1==0){Delay(20);while(P3_1==0);Delay(20);KeyNumber=1;}
  14   1        if(P3_0==0){Delay(20);while(P3_0==0);Delay(20);KeyNumber=2;}
  15   1        if(P3_2==0){Delay(20);while(P3_2==0);Delay(20);KeyNumber=3;}
  16   1        if(P3_3==0){Delay(20);while(P3_3==0);Delay(20);KeyNumber=4;}
  17   1        
  18   1        return KeyNumber;
  19   1      }
  20          
  21          /**
  22            * @brief  è·å–å½“å‰æŒ‰é”®çš„çŠ¶æ€ï¼Œæ— æ¶ˆæŠ–åŠæ¾æ‰‹æ£€æµ‹
  23            * @param  æ— 
  24            * @retval æŒ‰ä¸‹æŒ‰é”®çš„é”®ç ï¼ŒèŒƒå›´ï¼š0,1~4,0è¡¨ç¤ºæ— æŒ‰é”®æŒ‰ä¸‹
  25            */
  26          unsigned char Key_GetState()
  27          {
  28   1        unsigned char KeyNumber=0;
  29   1        
  30   1        if(P3_1==0){KeyNumber=1;}
  31   1        if(P3_0==0){KeyNumber=2;}
  32   1        if(P3_2==0){KeyNumber=3;}
  33   1        if(P3_3==0){KeyNumber=4;}
  34   1        
  35   1        return KeyNumber;
  36   1      }
  37          
  38          /**
  39            * @brief  æŒ‰é”®é©±åŠ¨å‡½æ•°ï¼Œåœ¨ä¸­æ–­ä¸­è°ƒç”¨
  40            * @param  æ— 
  41            * @retval æ— 
  42            */
  43          void Key_Loop(void)
  44          {
  45   1        static unsigned char NowState,LastState;
  46   1        LastState=NowState;       //æŒ‰é”®çŠ¶æ€æ›´æ–°
  47   1        NowState=Key_GetState();    //è·å–å½“å‰æŒ‰é”®çŠ¶æ€
  48   1        //å¦‚æœä¸Šä¸ªæ—¶é—´ç‚¹æŒ‰é”®æŒ‰ä¸‹ï¼Œè¿™ä¸ªæ—¶é—´ç‚¹æœªæŒ‰ä¸‹ï¼Œåˆ™æ˜¯æ¾æ‰‹ç¬é—´ï¼Œä»¥æ­¤é¿å…æ¶ˆæŠ–å
             -’Œæ¾æ‰‹æ£€æµ‹
  49   1        if(LastState==1 && NowState==0)
  50   1        {
  51   2          Key_KeyNumber=1;
  52   2        }
  53   1        if(LastState==2 && NowState==0)
C51 COMPILER V9.54   KEY                                                                   11/17/2024 11:30:54 PAGE 2   

  54   1        {
  55   2          Key_KeyNumber=2;
  56   2        }
  57   1        if(LastState==3 && NowState==0)
  58   1        {
  59   2          Key_KeyNumber=3;
  60   2        }
  61   1        if(LastState==4 && NowState==0)
  62   1        {
  63   2          Key_KeyNumber=4;
  64   2        }
  65   1      }


MODULE INFORMATION:   STATIC OVERLAYABLE
   CODE SIZE        =    176    ----
   CONSTANT SIZE    =   ----    ----
   XDATA SIZE       =   ----    ----
   PDATA SIZE       =   ----    ----
   DATA SIZE        =      3       1
   IDATA SIZE       =   ----    ----
   BIT SIZE         =   ----    ----
END OF MODULE INFORMATION.


C51 COMPILATION COMPLETE.  0 WARNING(S),  0 ERROR(S)
