C51 COMPILER V9.54   MAIN                                                                  11/17/2024 11:30:54 PAGE 1   


C51 COMPILER V9.54, COMPILATION OF MODULE MAIN
OBJECT MODULE PLACED IN .\Objects\main.obj
COMPILER INVOKED BY: D:\software\Keil\C51\BIN\C51.EXE main.c OPTIMIZE(8,SPEED) BROWSE DEBUG OBJECTEXTEND PRINT(.\Listing
                    -s\main.lst) TABS(2) OBJECT(.\Objects\main.obj)

line level    source

   1          #include <REGX52.H>
   2          #include "Delay.h"
   3          #include "LCD1602.h"
   4          #include "Int_DS18B20.h"
   5          #include "Timer0.h"
   6          
   7          unsigned char keyNum;
   8          char TLow, THigh;
   9          float T,TShow;
  10          
  11          void main()
  12          {
  13   1        //Timer0_Init();
  14   1        LCD_Init();
  15   1        
  16   1        while(1)
  17   1        {   
  18   2          
  19   2          T = Int_DS18B20_GetTemperature();
  20   2          
  21   2          if(T<0)       //如果温度小于0
  22   2          {
  23   3            LCD_ShowChar(1,3,'-');  //显示负号
  24   3            TShow=-T;   //将温度变为正数
  25   3          }
  26   2          else        //如果温度大于等于0
  27   2          {
  28   3            LCD_ShowChar(1,3,'+');  //显示正号
  29   3            TShow=T;
  30   3          }
  31   2          
  32   2          LCD_ShowNum(1,4,TShow,3);
  33   2          LCD_ShowChar(1,7,'.');    //显示小数点
  34   2          LCD_ShowNum(1,8,(unsigned long)(TShow*100)%100,2);
  35   2        }
  36   1        
  37   1      //  if (keyNum) {
  38   1      //    
  39   1      //    if (keyNum == 1) {
  40   1      //      THigh++;
  41   1      //      if(THigh>125){THigh=125;}
  42   1      //    }
  43   1      //    
  44   1      //    if (keyNum == 2) {
  45   1      //      THigh--;
  46   1      //      if(THigh<=TLow){THigh++;}
  47   1      //    }
  48   1      //    
  49   1      //    if (keyNum == 3) {
  50   1      //      TLow++;
  51   1      //      if(TLow>=THigh){TLow--;}
  52   1      //    }
  53   1      //    
  54   1      //    if (keyNum == 4) {
C51 COMPILER V9.54   MAIN                                                                  11/17/2024 11:30:54 PAGE 2   

  55   1      //      THigh--;
  56   1      //      if(TLow<-55){TLow=-55;}
  57   1      //    }
  58   1      //    
  59   1      //    LCD_ShowSignedNum(2,4,THigh,3); //显示阈值数据
  60   1      //    LCD_ShowSignedNum(2,12,TLow,3);
  61   1      //  
  62   1      //  }
  63   1        
  64   1      //  if(T>THigh)     //越界判断
  65   1      //  {
  66   1      //    LCD_ShowString(1,13,"OV:H");
  67   1      //  }
  68   1      //  else if(T<TLow)
  69   1      //  {
  70   1      //    LCD_ShowString(1,13,"OV:L");
  71   1      //  }
  72   1      //  else
  73   1      //  {
  74   1      //    LCD_ShowString(1,13,"    ");
  75   1      //  }
  76   1      }
  77          
  78          //void Timer0_Routine() interrupt 1
  79          //{
  80          //  static unsigned int T0Count;
  81          //  TL0 = 0x18;   //设置定时初值
  82          //  TH0 = 0xFC;   //设置定时初值
  83          //  T0Count++;
  84          //  if(T0Count>=20)
  85          //  {
  86          //    T0Count=0;
  87          //    Key_Loop(); //每20ms调用一次按键驱动函数
  88          //  }
  89          //}


MODULE INFORMATION:   STATIC OVERLAYABLE
   CODE SIZE        =    160    ----
   CONSTANT SIZE    =   ----    ----
   XDATA SIZE       =   ----    ----
   PDATA SIZE       =   ----    ----
   DATA SIZE        =     11    ----
   IDATA SIZE       =   ----    ----
   BIT SIZE         =   ----    ----
END OF MODULE INFORMATION.


C51 COMPILATION COMPLETE.  0 WARNING(S),  0 ERROR(S)
