C51 COMPILER V9.54   MAIN                                                                  11/18/2024 15:26:34 PAGE 1   


C51 COMPILER V9.54, COMPILATION OF MODULE MAIN
OBJECT MODULE PLACED IN .\Objects\main.obj
COMPILER INVOKED BY: D:\software\Keil\C51\BIN\C51.EXE main.c OPTIMIZE(8,SPEED) BROWSE DEBUG OBJECTEXTEND PRINT(.\Listing
                    -s\main.lst) TABS(2) OBJECT(.\Objects\main.obj)

line level    source

   1          #include <REGX52.H>
   2          #include "Delay.h"
   3          #include "Key.h"
   4          #include "Nixie.h"
   5          #include "Timer0.h"
   6          
   7          // PWM
   8          sbit LED = P2^0;
   9          sbit Moter = P1^0;
  10          
  11          unsigned char keyNum, speed;
  12          unsigned char counter, compare;
  13          
  14          void main() 
  15          {
  16   1        Timer0_Init();
  17   1        
  18   1        while(1)
  19   1        {
  20   2            keyNum = Key();
  21   2          
  22   2            if (keyNum == 1)
  23   2            {
  24   3              speed++;
  25   3              speed%=4;
  26   3              if(speed == 0) compare = 0;
  27   3              if(speed == 1) compare = 20;
  28   3              if(speed == 2) compare = 55;
  29   3              if(speed == 3) compare = 100;
  30   3            }
  31   2            
  32   2            Nixie(1, speed);
  33   2        }
  34   1        
  35   1      }
  36          
  37          void Timer0_Routine() interrupt 1
  38          {
  39   1        TH0 = 0xFF;
  40   1        TL0 = 0x9C;
  41   1        
  42   1        counter++;
  43   1        counter%=100;
  44   1        
  45   1        if (counter < compare) 
  46   1        {
  47   2          LED = 0;
  48   2          Moter = 1;
  49   2        }
  50   1        else
  51   1        {
  52   2          LED = 1;
  53   2          Moter = 0;
  54   2        }
C51 COMPILER V9.54   MAIN                                                                  11/18/2024 15:26:34 PAGE 2   

  55   1      }


MODULE INFORMATION:   STATIC OVERLAYABLE
   CODE SIZE        =    108    ----
   CONSTANT SIZE    =   ----    ----
   XDATA SIZE       =   ----    ----
   PDATA SIZE       =   ----    ----
   DATA SIZE        =      4    ----
   IDATA SIZE       =   ----    ----
   BIT SIZE         =   ----    ----
END OF MODULE INFORMATION.


C51 COMPILATION COMPLETE.  0 WARNING(S),  0 ERROR(S)
