C51 COMPILER V9.54   INT0                                                                  11/19/2024 17:08:19 PAGE 1   


C51 COMPILER V9.54, COMPILATION OF MODULE INT0
OBJECT MODULE PLACED IN .\Objects\Int0.obj
COMPILER INVOKED BY: D:\software\Keil\C51\BIN\C51.EXE Int0.c OPTIMIZE(8,SPEED) BROWSE DEBUG OBJECTEXTEND PRINT(.\Listing
                    -s\Int0.lst) TABS(2) OBJECT(.\Objects\Int0.obj)

line level    source

   1          #include <REGX52.H>
   2          
   3          //INT0 == P3^2 触发外部中断
   4          void Int0_init(void)
   5          {
   6   1      
   7   1        IT0 = 1;
   8   1        IE0 = 0; //外部中断0向cpu请求中断
   9   1        
  10   1        EX0 = 1;
  11   1        EA  = 1;
  12   1        
  13   1        //如果只设置IP，那么中断优先级只有两级， px0 在 IP中
  14   1        //IPH &= 0xF0;
  15   1        //IPH |= 0x01;
  16   1        //PX0H = 1;
  17   1        PX0 = 1;
  18   1        
  19   1      }
  20          
  21          /*
  22          
  23          void Int0_Routine(void) interrupt 0;
  24          
  25          */


MODULE INFORMATION:   STATIC OVERLAYABLE
   CODE SIZE        =     11    ----
   CONSTANT SIZE    =   ----    ----
   XDATA SIZE       =   ----    ----
   PDATA SIZE       =   ----    ----
   DATA SIZE        =   ----    ----
   IDATA SIZE       =   ----    ----
   BIT SIZE         =   ----    ----
END OF MODULE INFORMATION.


C51 COMPILATION COMPLETE.  0 WARNING(S),  0 ERROR(S)
