C51 COMPILER V9.54   MAIN                                                                  11/19/2024 17:08:19 PAGE 1   


C51 COMPILER V9.54, COMPILATION OF MODULE MAIN
OBJECT MODULE PLACED IN .\Objects\main.obj
COMPILER INVOKED BY: D:\software\Keil\C51\BIN\C51.EXE main.c OPTIMIZE(8,SPEED) BROWSE DEBUG OBJECTEXTEND PRINT(.\Listing
                    -s\main.lst) TABS(2) OBJECT(.\Objects\main.obj)

line level    source

   1          #include <REGX52.H>
   2          #include "Nixie.h"
   3          #include "Motor.h"
   4          #include "IR.h"
   5          
   6          unsigned char command, speed;
   7          
   8          void main() 
   9          {
  10   1        Motor_Init();
  11   1        IR_init();
  12   1        
  13   1        while(1)
  14   1        {
  15   2            if (IR_getDataFlag())
  16   2            {
  17   3              command = IR_getCommand();
  18   3              
  19   3              if(command==IR_0){speed=0;}   //根据遥控器命令码设置速度
  20   3              if(command==IR_1){speed=1;}
  21   3              if(command==IR_2){speed=2;}
  22   3              if(command==IR_3){speed=3;}
  23   3              
  24   3              if(speed==0) Motor_SetSpeed(0);
  25   3              if(speed==1) Motor_SetSpeed(20);
  26   3              if(speed==2) Motor_SetSpeed(55);
  27   3              if(speed==3) Motor_SetSpeed(100);
  28   3            }
  29   2            
  30   2            Nixie(1, speed);
  31   2        }
  32   1        
  33   1      }
  34          


MODULE INFORMATION:   STATIC OVERLAYABLE
   CODE SIZE        =     99    ----
   CONSTANT SIZE    =   ----    ----
   XDATA SIZE       =   ----    ----
   PDATA SIZE       =   ----    ----
   DATA SIZE        =      2    ----
   IDATA SIZE       =   ----    ----
   BIT SIZE         =   ----    ----
END OF MODULE INFORMATION.


C51 COMPILATION COMPLETE.  0 WARNING(S),  0 ERROR(S)
