C51 COMPILER V9.54   MOTOR                                                                 11/19/2024 17:08:19 PAGE 1   


C51 COMPILER V9.54, COMPILATION OF MODULE MOTOR
OBJECT MODULE PLACED IN .\Objects\Motor.obj
COMPILER INVOKED BY: D:\software\Keil\C51\BIN\C51.EXE Motor.c OPTIMIZE(8,SPEED) BROWSE DEBUG OBJECTEXTEND PRINT(.\Listin
                    -gs\Motor.lst) TABS(2) OBJECT(.\Objects\Motor.obj)

line level    source

   1          #include <REGX52.H>
   2          #include "Delay.h"
   3          #include "Timer1.h"
   4          
   5          // PWM
   6          sbit LED = P2^0;
   7          sbit Moter = P1^0;
   8          
   9          unsigned char counter,compare;
  10          
  11          void Motor_Init(void)
  12          {
  13   1        Timer1_Init();
  14   1      }
  15          
  16          void Motor_SetSpeed(unsigned char Speed)
  17          {
  18   1        compare = Speed;
  19   1      }
  20          
  21          
  22          void Timer0_Routine() interrupt 3
  23          {
  24   1        TH0 = 0xFF;
  25   1        TL0 = 0x9C;
  26   1        
  27   1        counter++;
  28   1        counter%=100;
  29   1        
  30   1        if (counter < compare) 
  31   1        {
  32   2          LED = 0;
  33   2          Moter = 1;
  34   2        }
  35   1        else
  36   1        {
  37   2          LED = 1;
  38   2          Moter = 0;
  39   2        }
  40   1      }
  41          
  42          
  43          


MODULE INFORMATION:   STATIC OVERLAYABLE
   CODE SIZE        =     53    ----
   CONSTANT SIZE    =   ----    ----
   XDATA SIZE       =   ----    ----
   PDATA SIZE       =   ----    ----
   DATA SIZE        =      2    ----
   IDATA SIZE       =   ----    ----
   BIT SIZE         =   ----    ----
END OF MODULE INFORMATION.

C51 COMPILER V9.54   MOTOR                                                                 11/19/2024 17:08:19 PAGE 2   


C51 COMPILATION COMPLETE.  0 WARNING(S),  0 ERROR(S)
