C51 COMPILER V9.54   TIMER1                                                                11/19/2024 17:08:19 PAGE 1   


C51 COMPILER V9.54, COMPILATION OF MODULE TIMER1
OBJECT MODULE PLACED IN .\Objects\Timer1.obj
COMPILER INVOKED BY: D:\software\Keil\C51\BIN\C51.EXE Timer1.c OPTIMIZE(8,SPEED) BROWSE DEBUG OBJECTEXTEND PRINT(.\Listi
                    -ngs\Timer1.lst) TABS(2) OBJECT(.\Objects\Timer1.obj)

line level    source

   1          #include <REGX52.H>
   2          
   3          void Timer1_Init(void)
   4          { 
   5   1        //设置定时器模式，
   6   1        // 在前4位不变的情况下，改变后四位 
   7   1        TMOD &= 0x0F;
   8   1        TMOD |= 0x10;
   9   1        
  10   1        TF1 = 0;
  11   1        TR1 = 1;
  12   1        
  13   1        //1us
  14   1        TH1 = 0xFF;
  15   1        TL1 = 0x9C;
  16   1        
  17   1        // 开启中断
  18   1        ET1 = 1;
  19   1        EA  = 1;
  20   1        
  21   1        PT1 = 0;
  22   1      }
  23          
  24          /*
  25          // 中断示例
  26          void Timer0_Routine() interrupt 3
  27          {
  28            static unsigned int T0Count;
  29            
  30            TH0 = 64535/256;
  31            TL0 = 64535%256;
  32            T0Count++;
  33            if (T0Count >= 1000)
  34            {
  35              T0Count = 0;
  36              P2_0 = ~P2_0;
  37            }
  38          }
  39          
  40          */


MODULE INFORMATION:   STATIC OVERLAYABLE
   CODE SIZE        =     23    ----
   CONSTANT SIZE    =   ----    ----
   XDATA SIZE       =   ----    ----
   PDATA SIZE       =   ----    ----
   DATA SIZE        =   ----    ----
   IDATA SIZE       =   ----    ----
   BIT SIZE         =   ----    ----
END OF MODULE INFORMATION.


C51 COMPILATION COMPLETE.  0 WARNING(S),  0 ERROR(S)
