C51 COMPILER V9.54   TIMER0                                                                11/19/2024 17:08:20 PAGE 1   


C51 COMPILER V9.54, COMPILATION OF MODULE TIMER0
OBJECT MODULE PLACED IN .\Objects\Timer0.obj
COMPILER INVOKED BY: D:\software\Keil\C51\BIN\C51.EXE Timer0.c OPTIMIZE(8,SPEED) BROWSE DEBUG OBJECTEXTEND PRINT(.\Listi
                    -ngs\Timer0.lst) TABS(2) OBJECT(.\Objects\Timer0.obj)

line level    source

   1          #include <REGX52.H>
   2          
   3          void Timer0_init(void)
   4          { 
   5   1        //设置定时器模式，
   6   1        // 在前4位不变的情况下，改变后四位 
   7   1        TMOD &= 0xF0;
   8   1        TMOD |= 0x01;
   9   1        
  10   1        //在初始化时，TF0的状态可能不确定，可能是以下两种情况：
  11   1        //  随机值： 如果定时器之前被使用过，TF0可能已经被置1。
  12   1        //  误触发： 如果程序启用了定时器中断功能，而TF0为1，会立刻触发一次中断。
  13   1        //为了避免这些问题，初始化时手动将TF0清零是良好的编程习惯。这样可以确保
             -
  14   1        TF0 = 0; //溢出中断标致
  15   1        TR0 = 0; //为0时， 停止time0计数
  16   1        
  17   1        TH0 = 0;
  18   1        TL0 = 0;
  19   1      }
  20          
  21          /**
  22            * @brief  定时器0设置计数器值
  23            * @param  Value，要设置的计数器值，范围：0~65535
  24            * @retval 无
  25            */
  26          void Timer0_setCounter(unsigned int val)
  27          {
  28   1        TH0 = val/256;
  29   1        TL0 = val%256;
  30   1      }
  31          
  32          /**
  33            * @brief  定时器0获取计数器值
  34            * @param  无
  35            * @retval 计数器值，范围：0~65535
  36            */
  37          unsigned int Timer0_getCounter()
  38          {
  39   1        return (TH0<<8)|TL0;
  40   1      }
  41          
  42          /**
  43            * @brief  定时器0启动停止控制
  44            * @param  Flag 启动停止标志，1为启动，0为停止
  45            * @retval 无
  46            */
  47          void Timer0_run(unsigned char flag)
  48          {
  49   1        TR0 = flag;
  50   1      }


MODULE INFORMATION:   STATIC OVERLAYABLE
C51 COMPILER V9.54   TIMER0                                                                11/19/2024 17:08:20 PAGE 2   

   CODE SIZE        =     42    ----
   CONSTANT SIZE    =   ----    ----
   XDATA SIZE       =   ----    ----
   PDATA SIZE       =   ----    ----
   DATA SIZE        =   ----    ----
   IDATA SIZE       =   ----    ----
   BIT SIZE         =   ----    ----
END OF MODULE INFORMATION.


C51 COMPILATION COMPLETE.  0 WARNING(S),  0 ERROR(S)
