C51 COMPILER V9.54   MAIN                                                                  11/11/2024 11:28:18 PAGE 1   


C51 COMPILER V9.54, COMPILATION OF MODULE MAIN
OBJECT MODULE PLACED IN .\Objects\main.obj
COMPILER INVOKED BY: D:\software\Keil\C51\BIN\C51.EXE main.c OPTIMIZE(8,SPEED) BROWSE DEBUG OBJECTEXTEND PRINT(.\Listing
                    -s\main.lst) TABS(2) OBJECT(.\Objects\main.obj)

line level    source

   1          #include <REGX52.H>
   2          #include "MatrixLED.h"
   3          //unsigned char Animation[] ËøôÈáåÁöÑÊï∞ÊçÆ‰ºöÊîæÂú®ram‰∏≠ÔºåÂ≠òÂÇ®ËæÉÂ∞èÔºåÂèØ‰ª•ÊîæÂà∞flash‰∏≠Ôºå‰ΩøÁî®Ê
             -ñπÂºèunsigned char code Animation[] Âä†‰∏™codeÂ∞±ÂèØ‰ª•‰∫Ü
   4          unsigned char code Animation[] = {
   5            0x00,0x00,0x00,0x00,0x00,0x00,0x00,0x00,
   6            0xFF,0x08,0x08,0x08,0xFF,0x00,0x0E,0x15,0x15,0x15,0x08,0x00,0x7E,0x01,0x02,0x00,
   7            0x7E,0x01,0x02,0x00,0x0E,0x11,0x11,0x0E,0x00,0x7D,0x00,0x00,0x00,0x00,0x00,0x00,
   8            0x00,0x00,0x00,0x00,0x00,0x00,0x00,0x00,
   9          };
  10          
  11          unsigned char i, offset = 0, cout = 0;
  12          
  13          void main()
  14          {
  15   1          MatrixLED_init();
  16   1            
  17   1          while(1)
  18   1          {
  19   2            for(i=0;i<8;i++)
  20   2            {
  21   3              MatrixLED_ShowColIndex(i, Animation[i+offset]); 
  22   3            }
  23   2            cout++;
  24   2            
  25   2            if(cout > 10)
  26   2            {
  27   3              cout = 0;
  28   3              offset++;
  29   3              if (offset > 40) 
  30   3              {
  31   4                offset = 0;
  32   4              }
  33   3            }
  34   2          }
  35   1      }


MODULE INFORMATION:   STATIC OVERLAYABLE
   CODE SIZE        =     55    ----
   CONSTANT SIZE    =     48    ----
   XDATA SIZE       =   ----    ----
   PDATA SIZE       =   ----    ----
   DATA SIZE        =      3    ----
   IDATA SIZE       =   ----    ----
   BIT SIZE         =   ----    ----
END OF MODULE INFORMATION.


C51 COMPILATION COMPLETE.  0 WARNING(S),  0 ERROR(S)
