C51 COMPILER V9.54   MATRIXLED                                                             11/11/2024 11:28:18 PAGE 1   


C51 COMPILER V9.54, COMPILATION OF MODULE MATRIXLED
OBJECT MODULE PLACED IN .\Objects\MatrixLED.obj
COMPILER INVOKED BY: D:\software\Keil\C51\BIN\C51.EXE MatrixLED.c OPTIMIZE(8,SPEED) BROWSE DEBUG OBJECTEXTEND PRINT(.\Li
                    -stings\MatrixLED.lst) TABS(2) OBJECT(.\Objects\MatrixLED.obj)

line level    source

   1          #include <REGX52.H>
   2          #include "Delay.h"
   3          
   4          #define MATRIX_LED_PORT P0
   5          
   6          sbit _SRCLK = P3^6; // 移位寄存器时钟输入
   7          sbit _RCLK  = P3^5; // 存储寄存器时钟输入
   8          sbit _SER   = P3^4; // 串行输入数据
   9          
  10          void MatrixLED_init()
  11          {
  12   1        _SRCLK = 0;
  13   1        _RCLK = 0;
  14   1      }
  15          
  16          void _74HC595_WriteByte(unsigned char byte)
  17          {
  18   1        unsigned char i;
  19   1        for(i = 0; i < 8; i++) {
  20   2          _SER = byte & (0x80 >> i);
  21   2          _SRCLK = 1;
  22   2          _SRCLK = 0;
  23   2        }
  24   1        _RCLK = 1;
  25   1        _RCLK = 0;
  26   1      }
  27          
  28          
  29          // 先列后行扫描
  30          void MatrixLED_ShowColIndex(unsigned char colIndex, unsigned char byte)
  31          {
  32   1        _74HC595_WriteByte(byte);
  33   1        
  34   1        MATRIX_LED_PORT = ~(0x80 >> colIndex);
  35   1        // 消影
  36   1        Delay(1);
  37   1        MATRIX_LED_PORT = 0xFF;
  38   1      }


MODULE INFORMATION:   STATIC OVERLAYABLE
   CODE SIZE        =     86    ----
   CONSTANT SIZE    =   ----    ----
   XDATA SIZE       =   ----    ----
   PDATA SIZE       =   ----    ----
   DATA SIZE        =   ----    ----
   IDATA SIZE       =   ----    ----
   BIT SIZE         =   ----    ----
END OF MODULE INFORMATION.


C51 COMPILATION COMPLETE.  0 WARNING(S),  0 ERROR(S)
